0 info it worked if it ends with ok
1 verbose cli [ '/usr/bin/node', '/usr/bin/npm', 'install', 'node-sleep' ]
2 info using npm@1.4.3
3 info using node@v0.10.26
4 error Failed to parse json
4 error Unexpected token }
5 error File: /home/jao/localprojects/tsoha/divvd/local/package.json
6 error Failed to parse package.json data.
6 error package.json must be actual JSON, not just JavaScript.
6 error
6 error This is not a bug in npm.
6 error Tell the package author to fix their package.json file. JSON.parse
7 error System Linux 3.13.6-1-ck
8 error command "/usr/bin/node" "/usr/bin/npm" "install" "node-sleep"
9 error cwd /home/jao/localprojects/tsoha/divvd/local
10 error node -v v0.10.26
11 error npm -v 1.4.3
12 error file /home/jao/localprojects/tsoha/divvd/local/package.json
13 error code EJSONPARSE
14 verbose exit [ 1, true ]
